# JRE version: OpenJDK Runtime Environment (22.0.1+8) (build 22.0.1+8-16)
# Java VM: OpenJDK 64-Bit Server VM (22.0.1+8-16, mixed mode, sharing, tiered, compressed oops, compressed class ptrs, g1 gc, windows-amd64)
GC Precious Log:
 CardTable entry size: 512
 Card Set container configuration: InlinePtr #cards 5 size 8 Array Of Cards #cards 12 size 40 Howl #buckets 4 coarsen threshold 1843 Howl Bitmap #cards 512 size 80 coarsen threshold 460 Card regions per heap region 1 cards per card region 2048
 CPUs: 8 total, 8 available
 Memory: 7984M
 Large Page Support: Disabled
 NUMA Support: Disabled
 Compressed Oops: Enabled (32-bit)
 Heap Region Size: 1M
 Heap Min Capacity: 8M
 Heap Initial Capacity: 126M
 Heap Max Capacity: 1998M
 Pre-touch: Disabled
 Parallel Workers: 8
 Concurrent Workers: 2
 Concurrent Refinement Workers: 8
 Periodic GC: Disabled
Heap:
 garbage-first heap   total reserved 2045952K, committed 58368K, used 46371K [0x0000000083200000, 0x0000000100000000)
  region size 1024K, 29 young (29696K), 1 survivors (1024K)
 Metaspace       used 39974K, committed 40704K, reserved 1114112K
  class space    used 4973K, committed 5248K, reserved 1048576K
GC Heap History (20 events):
Event: 1730.093 GC heap before
{Heap before GC invocations=19 (full 2):
 garbage-first heap   total reserved 2045952K, committed 65536K, used 27067K [0x0000000083200000, 0x0000000100000000)
  region size 1024K, 11 young (11264K), 4 survivors (4096K)
 Metaspace       used 38405K, committed 39168K, reserved 1114112K
  class space    used 4802K, committed 5120K, reserved 1048576K
}
Event: 1730.126 GC heap after
{Heap after GC invocations=20 (full 3):
 garbage-first heap   total reserved 2045952K, committed 58368K, used 15743K [0x0000000083200000, 0x0000000100000000)
  region size 1024K, 0 young (0K), 0 survivors (0K)
 Metaspace       used 38400K, committed 39168K, reserved 1114112K
  class space    used 4801K, committed 5120K, reserved 1048576K
}
Event: 1812.720 GC heap before
{Heap before GC invocations=20 (full 3):
 garbage-first heap   total reserved 2045952K, committed 58368K, used 47487K [0x0000000083200000, 0x0000000100000000)
  region size 1024K, 32 young (32768K), 0 survivors (0K)
 Metaspace       used 39120K, committed 39808K, reserved 1114112K
  class space    used 4874K, committed 5184K, reserved 1048576K
}
Event: 1812.724 GC heap after
{Heap after GC invocations=21 (full 3):
 garbage-first heap   total reserved 2045952K, committed 58368K, used 18795K [0x0000000083200000, 0x0000000100000000)
  region size 1024K, 3 young (3072K), 3 survivors (3072K)
 Metaspace       used 39120K, committed 39808K, reserved 1114112K
  class space    used 4874K, committed 5184K, reserved 1048576K
}
Event: 2123.296 GC heap before
{Heap before GC invocations=21 (full 3):
 garbage-first heap   total reserved 2045952K, committed 58368K, used 47467K [0x0000000083200000, 0x0000000100000000)
  region size 1024K, 32 young (32768K), 3 survivors (3072K)
 Metaspace       used 39909K, committed 40576K, reserved 1114112K
  class space    used 4972K, committed 5248K, reserved 1048576K
}
Event: 2123.306 GC heap after
{Heap after GC invocations=22 (full 3):
 garbage-first heap   total reserved 2045952K, committed 58368K, used 19093K [0x0000000083200000, 0x0000000100000000)
  region size 1024K, 1 young (1024K), 1 survivors (1024K)
 Metaspace       used 39909K, committed 40576K, reserved 1114112K
  class space    used 4972K, committed 5248K, reserved 1048576K
}
Event: 2498.745 GC heap before
{Heap before GC invocations=22 (full 3):
 garbage-first heap   total reserved 2045952K, committed 58368K, used 49813K [0x0000000083200000, 0x0000000100000000)
  region size 1024K, 31 young (31744K), 1 survivors (1024K)
 Metaspace       used 39909K, committed 40576K, reserved 1114112K
  class space    used 4972K, committed 5248K, reserved 1048576K
}
Event: 2498.770 GC heap after
{Heap after GC invocations=23 (full 3):
 garbage-first heap   total reserved 2045952K, committed 58368K, used 18829K [0x0000000083200000, 0x0000000100000000)
  region size 1024K, 1 young (1024K), 1 survivors (1024K)
 Metaspace       used 39909K, committed 40576K, reserved 1114112K
  class space    used 4972K, committed 5248K, reserved 1048576K
}
Event: 2887.381 GC heap before
{Heap before GC invocations=23 (full 3):
 garbage-first heap   total reserved 2045952K, committed 58368K, used 50573K [0x0000000083200000, 0x0000000100000000)
  region size 1024K, 32 young (32768K), 1 survivors (1024K)
 Metaspace       used 39925K, committed 40576K, reserved 1114112K
  class space    used 4972K, committed 5248K, reserved 1048576K
}
Event: 2887.396 GC heap after
{Heap after GC invocations=24 (full 3):
 garbage-first heap   total reserved 2045952K, committed 58368K, used 18747K [0x0000000083200000, 0x0000000100000000)
  region size 1024K, 1 young (1024K), 1 survivors (1024K)
 Metaspace       used 39925K, committed 40576K, reserved 1114112K
  class space    used 4972K, committed 5248K, reserved 1048576K
}
Event: 3277.910 GC heap before
{Heap before GC invocations=24 (full 3):
 garbage-first heap   total reserved 2045952K, committed 58368K, used 50491K [0x0000000083200000, 0x0000000100000000)
  region size 1024K, 32 young (32768K), 1 survivors (1024K)
 Metaspace       used 39929K, committed 40640K, reserved 1114112K
  class space    used 4972K, committed 5248K, reserved 1048576K
}
Event: 3278.372 GC heap after
{Heap after GC invocations=25 (full 3):
 garbage-first heap   total reserved 2045952K, committed 58368K, used 18733K [0x0000000083200000, 0x0000000100000000)
  region size 1024K, 1 young (1024K), 1 survivors (1024K)
 Metaspace       used 39929K, committed 40640K, reserved 1114112K
  class space    used 4972K, committed 5248K, reserved 1048576K
}
Event: 3669.020 GC heap before
{Heap before GC invocations=25 (full 3):
 garbage-first heap   total reserved 2045952K, committed 58368K, used 50477K [0x0000000083200000, 0x0000000100000000)
  region size 1024K, 32 young (32768K), 1 survivors (1024K)
 Metaspace       used 39929K, committed 40640K, reserved 1114112K
  class space    used 4972K, committed 5248K, reserved 1048576K
}
Event: 3669.073 GC heap after
{Heap after GC invocations=26 (full 3):
 garbage-first heap   total reserved 2045952K, committed 58368K, used 18736K [0x0000000083200000, 0x0000000100000000)
  region size 1024K, 1 young (1024K), 1 survivors (1024K)
 Metaspace       used 39929K, committed 40640K, reserved 1114112K
  class space    used 4972K, committed 5248K, reserved 1048576K
}
Event: 4058.778 GC heap before
{Heap before GC invocations=26 (full 3):
 garbage-first heap   total reserved 2045952K, committed 58368K, used 50480K [0x0000000083200000, 0x0000000100000000)
  region size 1024K, 32 young (32768K), 1 survivors (1024K)
 Metaspace       used 39930K, committed 40640K, reserved 1114112K
  class space    used 4972K, committed 5248K, reserved 1048576K
}
Event: 4059.324 GC heap after
{Heap after GC invocations=27 (full 3):
 garbage-first heap   total reserved 2045952K, committed 58368K, used 18735K [0x0000000083200000, 0x0000000100000000)
  region size 1024K, 1 young (1024K), 1 survivors (1024K)
 Metaspace       used 39930K, committed 40640K, reserved 1114112K
  class space    used 4972K, committed 5248K, reserved 1048576K
}
Event: 4442.235 GC heap before
{Heap before GC invocations=27 (full 3):
 garbage-first heap   total reserved 2045952K, committed 58368K, used 50479K [0x0000000083200000, 0x0000000100000000)
  region size 1024K, 32 young (32768K), 1 survivors (1024K)
 Metaspace       used 39945K, committed 40640K, reserved 1114112K
  class space    used 4972K, committed 5248K, reserved 1048576K
}
Event: 4442.304 GC heap after
{Heap after GC invocations=28 (full 3):
 garbage-first heap   total reserved 2045952K, committed 58368K, used 18713K [0x0000000083200000, 0x0000000100000000)
  region size 1024K, 1 young (1024K), 1 survivors (1024K)
 Metaspace       used 39945K, committed 40640K, reserved 1114112K
  class space    used 4972K, committed 5248K, reserved 1048576K
}
Event: 4830.191 GC heap before
{Heap before GC invocations=28 (full 3):
 garbage-first heap   total reserved 2045952K, committed 58368K, used 50457K [0x0000000083200000, 0x0000000100000000)
  region size 1024K, 32 young (32768K), 1 survivors (1024K)
 Metaspace       used 39946K, committed 40640K, reserved 1114112K
  class space    used 4972K, committed 5248K, reserved 1048576K
}
Event: 4830.382 GC heap after
{Heap after GC invocations=29 (full 3):
 garbage-first heap   total reserved 2045952K, committed 58368K, used 18723K [0x0000000083200000, 0x0000000100000000)
  region size 1024K, 1 young (1024K), 1 survivors (1024K)
 Metaspace       used 39946K, committed 40640K, reserved 1114112K
  class space    used 4972K, committed 5248K, reserved 1048576K
}

